(OK) Loading cuda 10.2.89


Tue Dec  1 12:42:46 2020       
+-----------------------------------------------------------------------------+
| NVIDIA-SMI 450.51.06    Driver Version: 450.51.06    CUDA Version: 11.0     |
|-------------------------------+----------------------+----------------------+
| GPU  Name        Persistence-M| Bus-Id        Disp.A | Volatile Uncorr. ECC |
| Fan  Temp  Perf  Pwr:Usage/Cap|         Memory-Usage | GPU-Util  Compute M. |
|                               |                      |               MIG M. |
|===============================+======================+======================|
|   0  Tesla P100-SXM2...  Off  | 00000000:06:00.0 Off |                    0 |
| N/A   38C    P0    43W / 300W |      0MiB / 16280MiB |      0%      Default |
|                               |                      |                  N/A |
+-------------------------------+----------------------+----------------------+
|   1  Tesla P100-SXM2...  Off  | 00000000:84:00.0 Off |                    0 |
| N/A   40C    P0    41W / 300W |      0MiB / 16280MiB |      2%      Default |
|                               |                      |                  N/A |
+-------------------------------+----------------------+----------------------+
                                                                               
+-----------------------------------------------------------------------------+
| Processes:                                                                  |
|  GPU   GI   CI        PID   Type   Process name                  GPU Memory |
|        ID   ID                                                   Usage      |
|=============================================================================|
|  No running processes found                                                 |
+-----------------------------------------------------------------------------+


If you use TorchIO for your research, please cite the following paper:
Pérez-García et al., TorchIO: a Python library for efficient loading,
preprocessing, augmentation and patch-based sampling of medical images
in deep learning. Credits instructions: https://torchio.readthedocs.io/#credits

Traceback (most recent call last):
  File "./training_script.py", line 13, in <module>
    from trainutils.trainer import Trainer
  File "/rwthfs/rz/cluster/home/zk315372/Chinmay/Git/HN-tumour-segmentation/trainutils/trainer.py", line 11, in <module>
    from evalutils.metrics import dice
  File "/rwthfs/rz/cluster/home/zk315372/Chinmay/Git/HN-tumour-segmentation/evalutils/metrics.py", line 2, in <module>
    from medpy.metric.binary import hd
ModuleNotFoundError: No module named 'medpy'
